<?xml version="1.0" encoding="UTF-8"?>
<!-- Generated by org.testng.reporters.JUnitReportReporter -->
<testsuite hostname="LAPTOP-178S0KEF" failures="0" tests="1" name="com.tcs.scripts.TCCFLogin" time="9.418" errors="0" timestamp="2022-04-13T10:08:02 GST" skipped="0">
  <testcase classname="com.tcs.scripts.TCCFLogin" name="verifyValidLogin" time="9.418"/>
  <system-out/>
</testsuite> <!-- com.tcs.scripts.TCCFLogin -->
